Build started 3/28/2016 10:01:20 AM.
     1>Project "C:\Users\millete\Documents\GitHub\motoman\motoman_driver\MotoPlus\MpRosAllControllers.vcxproj" on node 2 (Build target(s)).
     1>Build:
         mpbuilder.exe -c DX100 -p "C:\Users\millete\Documents\GitHub\motoman\motoman_driver\MotoPlus\\" -n "MotoRosDX100" -o build
         ------ Now building project: MotoRosDX100------
         Compiling Controller.c
         Compiling CtrlGroup.c
     1>CtrlGroup.c : warning : In function `Ros_CtrlGroup_ConvertToRosPos'
     1>CtrlGroup.c(312): warning : comparison of unsigned expression >= 0 is always true
     1>CtrlGroup.c : warning : In function `Ros_CtrlGroup_ConvertToMotoPos'
     1>CtrlGroup.c(355): warning : comparison of unsigned expression >= 0 is always true
         Compiling MotionServer.c
     1>MotionServer.c : warning : In function `Ros_MotionServer_WaitForSimpleMsg'
     1>MotionServer.c(275): warning : comparison between signed and unsigned
     1>MotionServer.c : warning : In function `Ros_MotionServer_SimpleMsgProcess'
     1>MotionServer.c(372): warning : comparison between signed and unsigned
     1>MotionServer.c : warning : In function `Ros_MotionServer_ReadIO'
     1>MotionServer.c(420): warning : unused parameter `controller'
     1>MotionServer.c : warning : In function `Ros_MotionServer_WriteIO'
     1>MotionServer.c(451): warning : unused parameter `controller'
         Compiling mpMain.c
         Compiling SimpleMessage.c
         Compiling StateServer.c
         Building MotoRosDX100.out
         Build Successful!  Check 'DX100\MotoRosDX100' folder for MotoRosDX100.out
         ------
     1>Done Building Project "C:\Users\millete\Documents\GitHub\motoman\motoman_driver\MotoPlus\MpRosAllControllers.vcxproj" (Build target(s)).

Build succeeded.

Time Elapsed 00:00:04.46
